Build started 5/24/2017 5:51:03 PM.
     1>Project "d:\Users\Kiyeon\documents\visual studio 2010\Projects\Game Engine\Game Engine\Game Engine.vcxproj" on node 2 (build target(s)).
     1>InitializeBuildStatus:
         Creating "Release\Game Engine.unsuccessfulbuild" because "AlwaysCreate" was specified.
       ClCompile:
         d:\Software\Microsoft Visual Studio 2010\VC\bin\CL.exe /c /I"D:\Users\Kiyeon\Documents\Visual Studio 2010\Projects\Game Engine\Game Engine\External\SDL2_ttf-2.0.14\include" /I"D:\Users\Kiyeon\Documents\Visual Studio 2010\Projects\Game Engine\Game Engine\External\SDL2_mixer-2.0.1\include" /I"D:\Users\Kiyeon\Documents\Visual Studio 2010\Projects\Game Engine\Game Engine\External\SDL2-2.0.5\include" /I"D:\Users\Kiyeon\Documents\Visual Studio 2010\Projects\Game Engine\Game Engine\External\SDL2_image-2.0.1\include" /I"D:\Users\Kiyeon\Documents\Visual Studio 2010\Projects\Game Engine\Game Engine\External\glew-2.0.0\include\GL" /Zi /nologo /W3 /WX- /Ox /Oi /Oy- /GL /D WIN32 /D NDEBUG /D _WINDOWS /D _UNICODE /D UNICODE /Gm- /EHsc /MD /GS /Gy /fp:precise /Zc:wchar_t /Zc:forScope /Fo"Release\\" /Fd"Release\vc100.pdb" /Gd /TP /analyze- /errorReport:prompt main.cpp
         main.cpp
     1>main.cpp(348): warning C4244: 'argument' : conversion from 'time_t' to 'unsigned int', possible loss of data
     1>main.cpp(423): warning C4244: 'argument' : conversion from 'int' to 'GLfloat', possible loss of data
     1>main.cpp(423): warning C4244: 'argument' : conversion from 'int' to 'GLfloat', possible loss of data
     1>main.cpp(536): warning C4305: '=' : truncation from 'double' to 'float'
     1>main.cpp(546): warning C4244: '=' : conversion from 'int' to 'float', possible loss of data
     1>main.cpp(547): warning C4244: '=' : conversion from 'int' to 'float', possible loss of data
     1>main.cpp(554): warning C4244: '=' : conversion from 'int' to 'float', possible loss of data
     1>main.cpp(555): warning C4244: '=' : conversion from 'int' to 'float', possible loss of data
     1>main.cpp(564): warning C4244: '=' : conversion from 'int' to 'float', possible loss of data
     1>main.cpp(565): warning C4244: '=' : conversion from 'int' to 'float', possible loss of data
     1>main.cpp(605): warning C4244: 'argument' : conversion from 'float' to 'int', possible loss of data
     1>main.cpp(605): warning C4244: 'argument' : conversion from 'float' to 'int', possible loss of data
     1>main.cpp(637): warning C4244: '=' : conversion from 'float' to 'long', possible loss of data
     1>main.cpp(775): warning C4800: 'const unsigned char' : forcing value to bool 'true' or 'false' (performance warning)
     1>main.cpp(776): warning C4800: 'const unsigned char' : forcing value to bool 'true' or 'false' (performance warning)
     1>main.cpp(777): warning C4800: 'const unsigned char' : forcing value to bool 'true' or 'false' (performance warning)
     1>main.cpp(778): warning C4800: 'const unsigned char' : forcing value to bool 'true' or 'false' (performance warning)
     1>main.cpp(861): warning C4305: '=' : truncation from 'double' to 'float'
     1>main.cpp(910): warning C4244: 'argument' : conversion from 'float' to 'int', possible loss of data
     1>main.cpp(910): warning C4244: 'argument' : conversion from 'float' to 'int', possible loss of data
     1>main.cpp(910): warning C4244: 'argument' : conversion from 'double' to 'int', possible loss of data
     1>main.cpp(910): warning C4244: 'argument' : conversion from 'double' to 'int', possible loss of data
     1>main.cpp(914): warning C4244: 'argument' : conversion from 'float' to 'int', possible loss of data
     1>main.cpp(914): warning C4244: 'argument' : conversion from 'float' to 'int', possible loss of data
     1>main.cpp(914): warning C4244: 'argument' : conversion from 'double' to 'int', possible loss of data
     1>main.cpp(914): warning C4244: 'argument' : conversion from 'double' to 'int', possible loss of data
     1>main.cpp(951): warning C4244: 'argument' : conversion from 'double' to 'int', possible loss of data
     1>main.cpp(951): warning C4244: 'argument' : conversion from 'double' to 'int', possible loss of data
     1>main.cpp(1023): warning C4244: 'argument' : conversion from 'float' to 'int', possible loss of data
     1>main.cpp(1023): warning C4244: 'argument' : conversion from 'float' to 'int', possible loss of data
     1>main.cpp(1023): warning C4244: 'argument' : conversion from 'double' to 'int', possible loss of data
     1>main.cpp(1023): warning C4244: 'argument' : conversion from 'double' to 'int', possible loss of data
     1>main.cpp(1046): warning C4244: 'argument' : conversion from 'double' to 'int', possible loss of data
     1>main.cpp(1046): warning C4244: 'argument' : conversion from 'double' to 'int', possible loss of data
     1>main.cpp(1101): warning C4244: '=' : conversion from 'float' to 'int', possible loss of data
     1>main.cpp(1102): warning C4244: '=' : conversion from 'float' to 'int', possible loss of data
     1>main.cpp(1124): warning C4244: '=' : conversion from 'double' to 'int', possible loss of data
     1>main.cpp(1125): warning C4244: '=' : conversion from 'double' to 'int', possible loss of data
     1>main.cpp(1294): warning C4244: '=' : conversion from 'float' to 'int', possible loss of data
     1>main.cpp(1310): warning C4244: '=' : conversion from 'float' to 'int', possible loss of data
     1>main.cpp(1326): warning C4244: '=' : conversion from 'float' to 'int', possible loss of data
     1>main.cpp(1342): warning C4244: '=' : conversion from 'float' to 'int', possible loss of data
     1>main.cpp(1396): warning C4244: '=' : conversion from 'float' to 'int', possible loss of data
     1>main.cpp(1414): warning C4244: '=' : conversion from 'float' to 'int', possible loss of data
     1>main.cpp(1432): warning C4244: '=' : conversion from 'float' to 'int', possible loss of data
     1>main.cpp(1453): warning C4244: '=' : conversion from 'float' to 'int', possible loss of data
     1>main.cpp(1471): warning C4244: '=' : conversion from 'float' to 'int', possible loss of data
     1>main.cpp(1489): warning C4244: '=' : conversion from 'float' to 'int', possible loss of data
     1>main.cpp(1511): warning C4244: '=' : conversion from 'float' to 'int', possible loss of data
     1>main.cpp(1546): warning C4244: 'argument' : conversion from 'float' to 'int', possible loss of data
     1>main.cpp(1546): warning C4244: 'argument' : conversion from 'float' to 'int', possible loss of data
     1>main.cpp(1549): warning C4244: 'argument' : conversion from 'float' to 'int', possible loss of data
     1>main.cpp(1549): warning C4244: 'argument' : conversion from 'float' to 'int', possible loss of data
     1>main.cpp(1559): warning C4244: 'argument' : conversion from 'float' to 'int', possible loss of data
     1>main.cpp(1559): warning C4244: 'argument' : conversion from 'float' to 'int', possible loss of data
     1>main.cpp(1563): warning C4244: 'argument' : conversion from 'float' to 'int', possible loss of data
     1>main.cpp(1563): warning C4244: 'argument' : conversion from 'float' to 'int', possible loss of data
     1>main.cpp(1588): warning C4244: 'argument' : conversion from 'float' to 'int', possible loss of data
     1>main.cpp(1588): warning C4244: 'argument' : conversion from 'float' to 'int', possible loss of data
     1>main.cpp(1592): warning C4244: 'argument' : conversion from 'float' to 'int', possible loss of data
     1>main.cpp(1592): warning C4244: 'argument' : conversion from 'float' to 'int', possible loss of data
     1>main.cpp(1598): warning C4244: 'argument' : conversion from 'float' to 'int', possible loss of data
     1>main.cpp(1598): warning C4244: 'argument' : conversion from 'float' to 'int', possible loss of data
     1>main.cpp(1615): warning C4244: 'argument' : conversion from 'float' to 'int', possible loss of data
     1>main.cpp(1615): warning C4244: 'argument' : conversion from 'float' to 'int', possible loss of data
     1>main.cpp(1619): warning C4244: 'argument' : conversion from 'float' to 'int', possible loss of data
     1>main.cpp(1619): warning C4244: 'argument' : conversion from 'float' to 'int', possible loss of data
     1>main.cpp(1625): warning C4244: 'argument' : conversion from 'float' to 'int', possible loss of data
     1>main.cpp(1625): warning C4244: 'argument' : conversion from 'float' to 'int', possible loss of data
     1>main.cpp(1645): warning C4244: 'argument' : conversion from 'float' to 'int', possible loss of data
     1>main.cpp(1645): warning C4244: 'argument' : conversion from 'float' to 'int', possible loss of data
     1>main.cpp(1649): warning C4244: 'argument' : conversion from 'float' to 'int', possible loss of data
     1>main.cpp(1649): warning C4244: 'argument' : conversion from 'float' to 'int', possible loss of data
     1>main.cpp(1655): warning C4244: 'argument' : conversion from 'float' to 'int', possible loss of data
     1>main.cpp(1655): warning C4244: 'argument' : conversion from 'float' to 'int', possible loss of data
     1>main.cpp(1666): warning C4244: 'argument' : conversion from 'double' to 'int', possible loss of data
     1>main.cpp(1666): warning C4244: 'argument' : conversion from 'double' to 'int', possible loss of data
     1>main.cpp(1678): warning C4244: 'argument' : conversion from 'double' to 'int', possible loss of data
     1>main.cpp(1678): warning C4244: 'argument' : conversion from 'double' to 'int', possible loss of data
     1>main.cpp(1682): warning C4244: 'argument' : conversion from 'double' to 'int', possible loss of data
     1>main.cpp(1682): warning C4244: 'argument' : conversion from 'double' to 'int', possible loss of data
     1>main.cpp(1706): warning C4244: 'argument' : conversion from 'float' to 'int', possible loss of data
     1>main.cpp(1706): warning C4244: 'argument' : conversion from 'float' to 'int', possible loss of data
     1>main.cpp(1738): warning C4244: 'argument' : conversion from 'float' to 'int', possible loss of data
     1>main.cpp(1738): warning C4244: 'argument' : conversion from 'float' to 'int', possible loss of data
     1>main.cpp(1738): warning C4244: 'argument' : conversion from 'float' to 'int', possible loss of data
     1>main.cpp(1738): warning C4244: 'argument' : conversion from 'float' to 'int', possible loss of data
     1>main.cpp(1777): warning C4244: 'argument' : conversion from 'float' to 'int', possible loss of data
     1>main.cpp(1777): warning C4244: 'argument' : conversion from 'float' to 'int', possible loss of data
     1>main.cpp(1777): warning C4244: 'argument' : conversion from 'float' to 'int', possible loss of data
     1>main.cpp(1777): warning C4244: 'argument' : conversion from 'float' to 'int', possible loss of data
     1>main.cpp(1778): warning C4244: 'argument' : conversion from 'float' to 'int', possible loss of data
     1>main.cpp(1778): warning C4244: 'argument' : conversion from 'float' to 'int', possible loss of data
     1>main.cpp(1778): warning C4244: 'argument' : conversion from 'float' to 'int', possible loss of data
     1>main.cpp(1778): warning C4244: 'argument' : conversion from 'float' to 'int', possible loss of data
     1>main.cpp(1779): warning C4244: 'argument' : conversion from 'float' to 'int', possible loss of data
     1>main.cpp(1779): warning C4244: 'argument' : conversion from 'float' to 'int', possible loss of data
     1>main.cpp(1779): warning C4244: 'argument' : conversion from 'float' to 'int', possible loss of data
     1>main.cpp(1779): warning C4244: 'argument' : conversion from 'float' to 'int', possible loss of data
     1>main.cpp(1779): warning C4244: 'argument' : conversion from 'float' to 'int', possible loss of data
     1>main.cpp(1779): warning C4244: 'argument' : conversion from 'float' to 'int', possible loss of data
       Link:
         d:\Software\Microsoft Visual Studio 2010\VC\bin\link.exe /ERRORREPORT:PROMPT /OUT:"d:\users\kiyeon\documents\visual studio 2010\Projects\Game Engine\Release\Game Engine.exe" /INCREMENTAL:NO /NOLOGO /LIBPATH:"D:\Users\Kiyeon\Documents\Visual Studio 2010\Projects\Game Engine\Game Engine\External\SDL2_ttf-2.0.14\lib\x86" /LIBPATH:"D:\Users\Kiyeon\Documents\Visual Studio 2010\Projects\Game Engine\Game Engine\External\SDL2_mixer-2.0.1\lib\x86" /LIBPATH:"D:\Users\Kiyeon\Documents\Visual Studio 2010\Projects\Game Engine\Game Engine\External\SDL2-2.0.5\lib\x86" /LIBPATH:"D:\Users\Kiyeon\Documents\Visual Studio 2010\Projects\Game Engine\Game Engine\External\SDL2_image-2.0.1\lib\x86" /LIBPATH:"D:\Users\Kiyeon\Documents\Visual Studio 2010\Projects\Game Engine\Game Engine\External\glew-2.0.0\lib\Release\Win32" SDL2.lib SDL2main.lib SDL2_mixer.lib SDL2_ttf.lib glew32.lib opengl32.lib glu32.lib kernel32.lib user32.lib gdi32.lib winspool.lib comdlg32.lib advapi32.lib shell32.lib ole32.lib oleaut32.lib uuid.lib odbc32.lib odbccp32.lib /MANIFEST /ManifestFile:"Release\Game Engine.exe.intermediate.manifest" /MANIFESTUAC:"level='asInvoker' uiAccess='false'" /DEBUG /PDB:"d:\users\kiyeon\documents\visual studio 2010\Projects\Game Engine\Release\Game Engine.pdb" /SUBSYSTEM:WINDOWS /OPT:REF /OPT:ICF /LTCG /TLBID:1 /DYNAMICBASE /NXCOMPAT /IMPLIB:"d:\users\kiyeon\documents\visual studio 2010\Projects\Game Engine\Release\Game Engine.lib" /MACHINE:X86 Release\CharDetails.obj
         Release\DrawUtils.obj
         Release\EnemyDetails.obj
         Release\main.obj
         Release\Object.obj
         Release\Text.obj
         Release\Tile.obj
         Generating code
         Finished generating code
         Game Engine.vcxproj -> d:\users\kiyeon\documents\visual studio 2010\Projects\Game Engine\Release\Game Engine.exe
       Manifest:
         C:\Program Files (x86)\Microsoft SDKs\Windows\v7.0A\bin\mt.exe /nologo /verbose /outputresource:"d:\users\kiyeon\documents\visual studio 2010\Projects\Game Engine\Release\Game Engine.exe;#1" /manifest "Release\Game Engine.exe.intermediate.manifest"
       FinalizeBuildStatus:
         Deleting file "Release\Game Engine.unsuccessfulbuild".
         Touching "Release\Game Engine.lastbuildstate".
     1>Done Building Project "d:\Users\Kiyeon\documents\visual studio 2010\Projects\Game Engine\Game Engine\Game Engine.vcxproj" (build target(s)).

Build succeeded.

Time Elapsed 00:00:03.06
